<?xml version="1.0" encoding="UTF-8"?>
<coverage generated="1685556136704" clover="3.2.0">
  <project timestamp="1685556136704" name="All files">
    <metrics statements="13" coveredstatements="10" conditionals="0" coveredconditionals="0" methods="5" coveredmethods="4" elements="18" coveredelements="14" complexity="0" loc="13" ncloc="13" packages="1" files="2" classes="2"/>
    <file name="api.quotation.js" path="/home/eric/workspace/devpleno/projects/convertMyMoney/src/lib/api.quotation.js">
      <metrics statements="9" coveredstatements="6" conditionals="0" coveredconditionals="0" methods="2" coveredmethods="1"/>
      <line num="1" count="1" type="stmt"/>
      <line num="4" count="1" type="stmt"/>
      <line num="5" count="1" type="stmt"/>
      <line num="6" count="1" type="stmt"/>
      <line num="7" count="1" type="stmt"/>
      <line num="9" count="0" type="stmt"/>
      <line num="14" count="0" type="stmt"/>
      <line num="15" count="0" type="stmt"/>
      <line num="18" count="1" type="stmt"/>
    </file>
    <file name="convert.js" path="/home/eric/workspace/devpleno/projects/convertMyMoney/src/lib/convert.js">
      <metrics statements="4" coveredstatements="4" conditionals="0" coveredconditionals="0" methods="3" coveredmethods="3"/>
      <line num="2" count="1" type="stmt"/>
      <line num="6" count="1" type="stmt"/>
      <line num="13" count="2" type="stmt"/>
      <line num="19" count="1" type="stmt"/>
    </file>
  </project>
</coverage>
